<?xml version="1.0" encoding="UTF-8"?>
<!-- Generated by org.testng.reporters.JUnitXMLReporter -->
<testsuite hostname="M5-L-14QNPQ2" name="Automation Test" tests="27" failures="10" timestamp="11 Jan 2019 09:05:55 GMT" time="4142.27" errors="0">
  <testcase name="TC01_ToVerifyCountUsingDU" time="85.886" classname="com.Test.TeamTest">
    <failure type="java.lang.IndexOutOfBoundsException" message="Index: 2, Size: 2">
      <![CDATA[java.lang.IndexOutOfBoundsException: Index: 2, Size: 2
	at java.util.ArrayList.rangeCheck(Unknown Source)
	at java.util.ArrayList.get(Unknown Source)
	at org.openqa.selenium.support.pagefactory.internal.LocatingElementListHandler.invoke(LocatingElementListHandler.java:39)
	at com.sun.proxy.$Proxy13.get(Unknown Source)
	at com.Pages.TeamPage.validateFilterOnLevelIsSet(TeamPage.java:1052)
	at com.Test.TeamTest.TC01_ToVerifyCountUsingDU(TeamTest.java:54)
... Removed 27 stack frames]]>
    </failure>
  </testcase> <!-- TC01_ToVerifyCountUsingDU -->
  <testcase name="TC02_ToVerifyCountUsingPSU" time="375.366" classname="com.Test.TeamTest">
    <failure type="java.lang.IndexOutOfBoundsException" message="Index: 1, Size: 0">
      <![CDATA[java.lang.IndexOutOfBoundsException: Index: 1, Size: 0
	at java.util.ArrayList.rangeCheck(Unknown Source)
	at java.util.ArrayList.get(Unknown Source)
	at com.Pages.TeamPage.selectCheckbox(TeamPage.java:2256)
	at com.Test.TeamTest.TC02_ToVerifyCountUsingPSU(TeamTest.java:102)
... Removed 24 stack frames]]>
    </failure>
  </testcase> <!-- TC02_ToVerifyCountUsingPSU -->
  <testcase name="TC03_ToVerifyElementsUnderROVUsingDU" time="52.073" classname="com.Test.TeamTest"/>
  <testcase name="TC04_ToVerifyElementsUnderROVUsingPSU" time="50.858" classname="com.Test.TeamTest"/>
  <testcase name="TC05_ToVerifyTeamUsingCentral" time="239.129" classname="com.Test.TeamTest"/>
  <testcase name="TC06_ToVerifyBulkAcionsUsingAGRML" time="110.67" classname="com.Test.TeamTest">
    <failure type="java.lang.AssertionError" message="The following asserts failed:
	expected [true] but found [false]">
      <![CDATA[java.lang.AssertionError: The following asserts failed:
	expected [true] but found [false]
	at com.Pages.TeamPage.checkallassert(TeamPage.java:2633)
	at com.Test.TeamTest.TC06_ToVerifyBulkAcionsUsingAGRML(TeamTest.java:232)
... Removed 25 stack frames]]>
    </failure>
  </testcase> <!-- TC06_ToVerifyBulkAcionsUsingAGRML -->
  <testcase name="TC07_ToVerifyBulkRollOFFAcionsUsingAGRML" time="74.925" classname="com.Test.TeamTest"/>
  <testcase name="TC08_ToVerifyBuLKShadowEndDateErrorUsingAGRML" time="61.405" classname="com.Test.TeamTest"/>
  <testcase name="TC09_ToVerifyViewResumeActionsUsingDU" time="50.735" classname="com.Test.TeamTest"/>
  <testcase name="TC10_ToVerifyShadowEndDateOn40ResourceUsingAGRML" time="102.053" classname="com.Test.TeamTest">
    <failure type="java.lang.IndexOutOfBoundsException" message="Index: 7, Size: 7">
      <![CDATA[java.lang.IndexOutOfBoundsException: Index: 7, Size: 7
	at java.util.ArrayList.rangeCheck(Unknown Source)
	at java.util.ArrayList.get(Unknown Source)
	at com.Pages.TeamPage.selectCheckboxMultipleTimes(TeamPage.java:2397)
	at com.Test.TeamTest.TC10_ToVerifyShadowEndDateOn40ResourceUsingAGRML(TeamTest.java:330)
... Removed 24 stack frames]]>
    </failure>
  </testcase> <!-- TC10_ToVerifyShadowEndDateOn40ResourceUsingAGRML -->
  <testcase name="TC11_ToVerifyTeamPageLabelUsingAG" time="61.036" classname="com.Test.TeamTest"/>
  <testcase name="TC12_checkTeamPageSorting" time="47.692" classname="com.Test.TeamTest"/>
  <testcase name="TC03_tirDataCreated" time="347.908" classname="com.Test.TransferTest"/>
  <testcase name="TC04_validationMessage" time="73.797" classname="com.Test.TransferTest">
    <failure type="java.lang.IndexOutOfBoundsException" message="Index: 0, Size: 0">
      <![CDATA[java.lang.IndexOutOfBoundsException: Index: 0, Size: 0
	at java.util.ArrayList.rangeCheck(Unknown Source)
	at java.util.ArrayList.get(Unknown Source)
	at org.openqa.selenium.support.pagefactory.internal.LocatingElementListHandler.invoke(LocatingElementListHandler.java:39)
	at com.sun.proxy.$Proxy13.get(Unknown Source)
	at com.Pages.TransferPage.locationFilter(TransferPage.java:1963)
	at com.Test.TransferTest.TC04_validationMessage(TransferTest.java:208)
... Removed 27 stack frames]]>
    </failure>
  </testcase> <!-- TC04_validationMessage -->
  <testcase name="TC05_tirRaisedSuccesfully" time="245.024" classname="com.Test.TransferTest">
    <failure type="org.openqa.selenium.NoSuchElementException" message="no such element: Unable to locate element: {&amp;quot;method&amp;quot;:&amp;quot;xpath&amp;quot;,&amp;quot;selector&amp;quot;:&amp;quot;.//*[@class=&amp;apos;ui-grid-cell-contents ng-binding ng-scope&amp;apos;]/strong&amp;quot;}
  (Session info: chrome=71.0.3578.98)
  (Driver info: chromedriver=2.44.609538 (b655c5a60b0b544917107a59d4153d4bf78e1b90),platform=Windows NT 10.0.17134 x86_64) (WARNING: The server did not provide any stacktrace information)
Command duration or timeout: 0 milliseconds
For documentation on this error, please visit: http://seleniumhq.org/exceptions/no_such_element.html
Build info: version: &amp;apos;3.9.1&amp;apos;, revision: &amp;apos;63f7b50&amp;apos;, time: &amp;apos;2018-02-07T22:25:02.294Z&amp;apos;
System info: host: &amp;apos;M5-L-14QNPQ2&amp;apos;, ip: &amp;apos;10.236.191.55&amp;apos;, os.name: &amp;apos;Windows 10&amp;apos;, os.arch: &amp;apos;amd64&amp;apos;, os.version: &amp;apos;10.0&amp;apos;, java.version: &amp;apos;1.8.0_192&amp;apos;
Driver info: org.openqa.selenium.chrome.ChromeDriver
Capabilities {acceptInsecureCerts: false, acceptSslCerts: false, applicationCacheEnabled: false, browserConnectionEnabled: false, browserName: chrome, chrome: {chromedriverVersion: 2.44.609538 (b655c5a60b0b54..., userDataDir: C:\Users\MAHESH~1.SAW\AppDa...}, cssSelectorsEnabled: true, databaseEnabled: false, goog:chromeOptions: {debuggerAddress: localhost:59575}, handlesAlerts: true, hasTouchScreen: false, javascriptEnabled: true, locationContextEnabled: true, mobileEmulationEnabled: false, nativeEvents: true, networkConnectionEnabled: false, pageLoadStrategy: normal, platform: XP, platformName: XP, rotatable: false, setWindowRect: true, takesHeapSnapshot: true, takesScreenshot: true, unexpectedAlertBehaviour: ignore, unhandledPromptBehavior: ignore, version: 71.0.3578.98, webStorageEnabled: true}
Session ID: 0d5a9b96a3aaa35ada1733b2a3e8d8e6
*** Element info: {Using=xpath, value=.//*[@class=&amp;apos;ui-grid-cell-contents ng-binding ng-scope&amp;apos;]/strong}">
      <![CDATA[org.openqa.selenium.NoSuchElementException: no such element: Unable to locate element: {"method":"xpath","selector":".//*[@class='ui-grid-cell-contents ng-binding ng-scope']/strong"}
  (Session info: chrome=71.0.3578.98)
  (Driver info: chromedriver=2.44.609538 (b655c5a60b0b544917107a59d4153d4bf78e1b90),platform=Windows NT 10.0.17134 x86_64) (WARNING: The server did not provide any stacktrace information)
Command duration or timeout: 0 milliseconds
For documentation on this error, please visit: http://seleniumhq.org/exceptions/no_such_element.html
Build info: version: '3.9.1', revision: '63f7b50', time: '2018-02-07T22:25:02.294Z'
System info: host: 'M5-L-14QNPQ2', ip: '10.236.191.55', os.name: 'Windows 10', os.arch: 'amd64', os.version: '10.0', java.version: '1.8.0_192'
Driver info: org.openqa.selenium.chrome.ChromeDriver
Capabilities {acceptInsecureCerts: false, acceptSslCerts: false, applicationCacheEnabled: false, browserConnectionEnabled: false, browserName: chrome, chrome: {chromedriverVersion: 2.44.609538 (b655c5a60b0b54..., userDataDir: C:\Users\MAHESH~1.SAW\AppDa...}, cssSelectorsEnabled: true, databaseEnabled: false, goog:chromeOptions: {debuggerAddress: localhost:59575}, handlesAlerts: true, hasTouchScreen: false, javascriptEnabled: true, locationContextEnabled: true, mobileEmulationEnabled: false, nativeEvents: true, networkConnectionEnabled: false, pageLoadStrategy: normal, platform: XP, platformName: XP, rotatable: false, setWindowRect: true, takesHeapSnapshot: true, takesScreenshot: true, unexpectedAlertBehaviour: ignore, unhandledPromptBehavior: ignore, version: 71.0.3578.98, webStorageEnabled: true}
Session ID: 0d5a9b96a3aaa35ada1733b2a3e8d8e6
*** Element info: {Using=xpath, value=.//*[@class='ui-grid-cell-contents ng-binding ng-scope']/strong}
	at org.openqa.selenium.remote.ErrorHandler.createThrowable(ErrorHandler.java:214)
	at org.openqa.selenium.remote.ErrorHandler.throwIfResponseFailed(ErrorHandler.java:166)
	at org.openqa.selenium.remote.http.JsonHttpResponseCodec.reconstructValue(JsonHttpResponseCodec.java:40)
	at org.openqa.selenium.remote.http.AbstractHttpResponseCodec.decode(AbstractHttpResponseCodec.java:80)
	at org.openqa.selenium.remote.http.AbstractHttpResponseCodec.decode(AbstractHttpResponseCodec.java:44)
	at org.openqa.selenium.remote.HttpCommandExecutor.execute(HttpCommandExecutor.java:160)
	at org.openqa.selenium.remote.service.DriverCommandExecutor.execute(DriverCommandExecutor.java:83)
	at org.openqa.selenium.remote.RemoteWebDriver.execute(RemoteWebDriver.java:601)
	at org.openqa.selenium.remote.RemoteWebDriver.findElement(RemoteWebDriver.java:371)
	at org.openqa.selenium.remote.RemoteWebDriver.findElementByXPath(RemoteWebDriver.java:473)
	at org.openqa.selenium.By$ByXPath.findElement(By.java:361)
	at org.openqa.selenium.remote.RemoteWebDriver.findElement(RemoteWebDriver.java:363)
	at org.openqa.selenium.support.pagefactory.DefaultElementLocator.findElement(DefaultElementLocator.java:69)
	at org.openqa.selenium.support.pagefactory.internal.LocatingElementHandler.invoke(LocatingElementHandler.java:38)
	at com.sun.proxy.$Proxy12.getText(Unknown Source)
	at com.Pages.TransferPage.verifyLR(TransferPage.java:933)
	at com.Test.TransferTest.TC05_tirRaisedSuccesfully(TransferTest.java:260)
... Removed 27 stack frames]]>
    </failure>
  </testcase> <!-- TC05_tirRaisedSuccesfully -->
  <testcase name="TC06_sameWorklocLRonCrossIGTIR" time="266.606" classname="com.Test.TransferTest">
    <failure type="org.openqa.selenium.NoSuchElementException" message="no such element: Unable to locate element: {&amp;quot;method&amp;quot;:&amp;quot;xpath&amp;quot;,&amp;quot;selector&amp;quot;:&amp;quot;.//*[@class=&amp;apos;src-info ng-binding&amp;apos;]&amp;quot;}
  (Session info: chrome=71.0.3578.98)
  (Driver info: chromedriver=2.44.609538 (b655c5a60b0b544917107a59d4153d4bf78e1b90),platform=Windows NT 10.0.17134 x86_64) (WARNING: The server did not provide any stacktrace information)
Command duration or timeout: 0 milliseconds
For documentation on this error, please visit: http://seleniumhq.org/exceptions/no_such_element.html
Build info: version: &amp;apos;3.9.1&amp;apos;, revision: &amp;apos;63f7b50&amp;apos;, time: &amp;apos;2018-02-07T22:25:02.294Z&amp;apos;
System info: host: &amp;apos;M5-L-14QNPQ2&amp;apos;, ip: &amp;apos;10.236.191.55&amp;apos;, os.name: &amp;apos;Windows 10&amp;apos;, os.arch: &amp;apos;amd64&amp;apos;, os.version: &amp;apos;10.0&amp;apos;, java.version: &amp;apos;1.8.0_192&amp;apos;
Driver info: org.openqa.selenium.chrome.ChromeDriver
Capabilities {acceptInsecureCerts: false, acceptSslCerts: false, applicationCacheEnabled: false, browserConnectionEnabled: false, browserName: chrome, chrome: {chromedriverVersion: 2.44.609538 (b655c5a60b0b54..., userDataDir: C:\Users\MAHESH~1.SAW\AppDa...}, cssSelectorsEnabled: true, databaseEnabled: false, goog:chromeOptions: {debuggerAddress: localhost:60062}, handlesAlerts: true, hasTouchScreen: false, javascriptEnabled: true, locationContextEnabled: true, mobileEmulationEnabled: false, nativeEvents: true, networkConnectionEnabled: false, pageLoadStrategy: normal, platform: XP, platformName: XP, rotatable: false, setWindowRect: true, takesHeapSnapshot: true, takesScreenshot: true, unexpectedAlertBehaviour: ignore, unhandledPromptBehavior: ignore, version: 71.0.3578.98, webStorageEnabled: true}
Session ID: 83dfbbf984b9d104ee88ae002b840bdf
*** Element info: {Using=xpath, value=.//*[@class=&amp;apos;src-info ng-binding&amp;apos;]}">
      <![CDATA[org.openqa.selenium.NoSuchElementException: no such element: Unable to locate element: {"method":"xpath","selector":".//*[@class='src-info ng-binding']"}
  (Session info: chrome=71.0.3578.98)
  (Driver info: chromedriver=2.44.609538 (b655c5a60b0b544917107a59d4153d4bf78e1b90),platform=Windows NT 10.0.17134 x86_64) (WARNING: The server did not provide any stacktrace information)
Command duration or timeout: 0 milliseconds
For documentation on this error, please visit: http://seleniumhq.org/exceptions/no_such_element.html
Build info: version: '3.9.1', revision: '63f7b50', time: '2018-02-07T22:25:02.294Z'
System info: host: 'M5-L-14QNPQ2', ip: '10.236.191.55', os.name: 'Windows 10', os.arch: 'amd64', os.version: '10.0', java.version: '1.8.0_192'
Driver info: org.openqa.selenium.chrome.ChromeDriver
Capabilities {acceptInsecureCerts: false, acceptSslCerts: false, applicationCacheEnabled: false, browserConnectionEnabled: false, browserName: chrome, chrome: {chromedriverVersion: 2.44.609538 (b655c5a60b0b54..., userDataDir: C:\Users\MAHESH~1.SAW\AppDa...}, cssSelectorsEnabled: true, databaseEnabled: false, goog:chromeOptions: {debuggerAddress: localhost:60062}, handlesAlerts: true, hasTouchScreen: false, javascriptEnabled: true, locationContextEnabled: true, mobileEmulationEnabled: false, nativeEvents: true, networkConnectionEnabled: false, pageLoadStrategy: normal, platform: XP, platformName: XP, rotatable: false, setWindowRect: true, takesHeapSnapshot: true, takesScreenshot: true, unexpectedAlertBehaviour: ignore, unhandledPromptBehavior: ignore, version: 71.0.3578.98, webStorageEnabled: true}
Session ID: 83dfbbf984b9d104ee88ae002b840bdf
*** Element info: {Using=xpath, value=.//*[@class='src-info ng-binding']}
	at org.openqa.selenium.remote.ErrorHandler.createThrowable(ErrorHandler.java:214)
	at org.openqa.selenium.remote.ErrorHandler.throwIfResponseFailed(ErrorHandler.java:166)
	at org.openqa.selenium.remote.http.JsonHttpResponseCodec.reconstructValue(JsonHttpResponseCodec.java:40)
	at org.openqa.selenium.remote.http.AbstractHttpResponseCodec.decode(AbstractHttpResponseCodec.java:80)
	at org.openqa.selenium.remote.http.AbstractHttpResponseCodec.decode(AbstractHttpResponseCodec.java:44)
	at org.openqa.selenium.remote.HttpCommandExecutor.execute(HttpCommandExecutor.java:160)
	at org.openqa.selenium.remote.service.DriverCommandExecutor.execute(DriverCommandExecutor.java:83)
	at org.openqa.selenium.remote.RemoteWebDriver.execute(RemoteWebDriver.java:601)
	at org.openqa.selenium.remote.RemoteWebDriver.findElement(RemoteWebDriver.java:371)
	at org.openqa.selenium.remote.RemoteWebDriver.findElementByXPath(RemoteWebDriver.java:473)
	at org.openqa.selenium.By$ByXPath.findElement(By.java:361)
	at org.openqa.selenium.remote.RemoteWebDriver.findElement(RemoteWebDriver.java:363)
	at org.openqa.selenium.support.pagefactory.DefaultElementLocator.findElement(DefaultElementLocator.java:69)
	at org.openqa.selenium.support.pagefactory.internal.LocatingElementHandler.invoke(LocatingElementHandler.java:38)
	at com.sun.proxy.$Proxy12.getText(Unknown Source)
	at com.Pages.TransferPage.outsideIGTestData(TransferPage.java:1863)
	at com.Test.TransferTest.TC06_sameWorklocLRonCrossIGTIR(TransferTest.java:284)
... Removed 27 stack frames]]>
    </failure>
  </testcase> <!-- TC06_sameWorklocLRonCrossIGTIR -->
  <testcase name="TC09_sameProjectFHL" time="39.599" classname="com.Test.TransferTest">
    <skipped/>
  </testcase> <!-- TC09_sameProjectFHL -->
  <testcase name="TC10_ASTIntegration" time="65.591" classname="com.Test.TransferTest">
    <failure type="java.lang.AssertionError" message="The following asserts failed:
	expected [true] but found [false]">
      <![CDATA[java.lang.AssertionError: The following asserts failed:
	expected [true] but found [false]
	at com.Pages.TransferPage.checkallassert(TransferPage.java:1193)
	at com.Test.TransferTest.TC10_ASTIntegration(TransferTest.java:475)
... Removed 25 stack frames]]>
    </failure>
  </testcase> <!-- TC10_ASTIntegration -->
  <testcase name="TC01_addSupplyTagDU" time="95.271" classname="com.Test.TaggingTest"/>
  <testcase name="TC02_addSupplyTagCentral" time="97.169" classname="com.Test.TaggingTest"/>
  <testcase name="TC03_matchingSupplyTagDU" time="81.909" classname="com.Test.TaggingTest"/>
  <testcase name="TC04_matchingSupplyTagCentral" time="120.281" classname="com.Test.TaggingTest"/>
  <testcase name="TC05_resPageTagDU" time="87.074" classname="com.Test.TaggingTest">
    <failure type="java.lang.IndexOutOfBoundsException" message="Index: 1, Size: 1">
      <![CDATA[java.lang.IndexOutOfBoundsException: Index: 1, Size: 1
	at java.util.ArrayList.rangeCheck(Unknown Source)
	at java.util.ArrayList.get(Unknown Source)
	at org.openqa.selenium.support.pagefactory.internal.LocatingElementListHandler.invoke(LocatingElementListHandler.java:39)
	at com.sun.proxy.$Proxy13.get(Unknown Source)
	at com.Pages.TaggingPage.clickResource(TaggingPage.java:1502)
	at com.Pages.TaggingPage.resScreenTag(TaggingPage.java:1725)
	at com.Test.TaggingTest.TC05_resPageTagDU(TaggingTest.java:106)
... Removed 27 stack frames]]>
    </failure>
  </testcase> <!-- TC05_resPageTagDU -->
  <testcase name="TC06_resPageTagCentral" time="74.45" classname="com.Test.TaggingTest"/>
  <testcase name="TC07_benchAgeValidation" time="116.603" classname="com.Test.TaggingTest">
    <skipped/>
  </testcase> <!-- TC07_benchAgeValidation -->
  <testcase name="TC08_mainSearchTag" time="83.532" classname="com.Test.TaggingTest"/>
  <testcase name="TC09_realTimeRefreshTagging" time="808.302" classname="com.Test.TaggingTest">
    <failure type="java.lang.AssertionError" message="The following asserts failed:
	expected [true] but found [false]">
      <![CDATA[java.lang.AssertionError: The following asserts failed:
	expected [true] but found [false]
	at com.Pages.TaggingPage.checkallassert(TaggingPage.java:1686)
	at com.Test.TaggingTest.TC09_realTimeRefreshTagging(TaggingTest.java:209)
... Removed 25 stack frames]]>
    </failure>
  </testcase> <!-- TC09_realTimeRefreshTagging -->
</testsuite> <!-- Automation Test -->
